Analysis & Synthesis report for FPGA_mini_games
Thu Oct 12 15:36:20 2023
Quartus Prime Version 16.1.2 Build 203 01/18/2017 SJ Lite Edition


---------------------
; Table of Contents ;
---------------------
  1. Legal Notice
  2. Analysis & Synthesis Summary
  3. Analysis & Synthesis Settings
  4. Parallel Compilation
  5. Analysis & Synthesis Source Files Read
  6. Analysis & Synthesis Resource Usage Summary
  7. Analysis & Synthesis Resource Utilization by Entity
  8. General Register Statistics
  9. Inverted Register Statistics
 10. Port Connectivity Checks: "Clock_Divider:clock_1hz"
 11. Port Connectivity Checks: "Clock_Divider:clock_1khz"
 12. Post-Synthesis Netlist Statistics for Top Partition
 13. Elapsed Time Per Partition
 14. Analysis & Synthesis Messages



----------------
; Legal Notice ;
----------------
Copyright (C) 2017  Intel Corporation. All rights reserved.
Your use of Intel Corporation's design tools, logic functions 
and other software and tools, and its AMPP partner logic 
functions, and any output files from any of the foregoing 
(including device programming or simulation files), and any 
associated documentation or information are expressly subject 
to the terms and conditions of the Intel Program License 
Subscription Agreement, the Intel Quartus Prime License Agreement,
the Intel MegaCore Function License Agreement, or other 
applicable license agreement, including, without limitation, 
that your use is for the sole purpose of programming logic 
devices manufactured by Intel and sold by Intel or its 
authorized distributors.  Please refer to the applicable 
agreement for further details.



+-------------------------------------------------------------------------------+
; Analysis & Synthesis Summary                                                  ;
+---------------------------------+---------------------------------------------+
; Analysis & Synthesis Status     ; Successful - Thu Oct 12 15:36:20 2023       ;
; Quartus Prime Version           ; 16.1.2 Build 203 01/18/2017 SJ Lite Edition ;
; Revision Name                   ; FPGA_mini_games                             ;
; Top-level Entity Name           ; FPGA_mini_games                             ;
; Family                          ; Cyclone V                                   ;
; Logic utilization (in ALMs)     ; N/A                                         ;
; Total registers                 ; 41                                          ;
; Total pins                      ; 241                                         ;
; Total virtual pins              ; 0                                           ;
; Total block memory bits         ; 0                                           ;
; Total DSP Blocks                ; 0                                           ;
; Total HSSI RX PCSs              ; 0                                           ;
; Total HSSI PMA RX Deserializers ; 0                                           ;
; Total HSSI TX PCSs              ; 0                                           ;
; Total HSSI PMA TX Serializers   ; 0                                           ;
; Total PLLs                      ; 0                                           ;
; Total DLLs                      ; 0                                           ;
+---------------------------------+---------------------------------------------+


+---------------------------------------------------------------------------------------------------------------------------+
; Analysis & Synthesis Settings                                                                                             ;
+---------------------------------------------------------------------------------+--------------------+--------------------+
; Option                                                                          ; Setting            ; Default Value      ;
+---------------------------------------------------------------------------------+--------------------+--------------------+
; Device                                                                          ; 5CSEMA5F31C6       ;                    ;
; Top-level entity name                                                           ; FPGA_mini_games    ; FPGA_mini_games    ;
; Family name                                                                     ; Cyclone V          ; Cyclone V          ;
; Use smart compilation                                                           ; Off                ; Off                ;
; Enable parallel Assembler and TimeQuest Timing Analyzer during compilation      ; On                 ; On                 ;
; Enable compact report table                                                     ; Off                ; Off                ;
; Restructure Multiplexers                                                        ; Auto               ; Auto               ;
; MLAB Add Timing Constraints For Mixed-Port Feed-Through Mode Setting Don't Care ; Off                ; Off                ;
; Create Debugging Nodes for IP Cores                                             ; Off                ; Off                ;
; Preserve fewer node names                                                       ; On                 ; On                 ;
; OpenCore Plus hardware evaluation                                               ; Enable             ; Enable             ;
; Verilog Version                                                                 ; Verilog_2001       ; Verilog_2001       ;
; VHDL Version                                                                    ; VHDL_1993          ; VHDL_1993          ;
; State Machine Processing                                                        ; Auto               ; Auto               ;
; Safe State Machine                                                              ; Off                ; Off                ;
; Extract Verilog State Machines                                                  ; On                 ; On                 ;
; Extract VHDL State Machines                                                     ; On                 ; On                 ;
; Ignore Verilog initial constructs                                               ; Off                ; Off                ;
; Iteration limit for constant Verilog loops                                      ; 5000               ; 5000               ;
; Iteration limit for non-constant Verilog loops                                  ; 250                ; 250                ;
; Add Pass-Through Logic to Inferred RAMs                                         ; On                 ; On                 ;
; Infer RAMs from Raw Logic                                                       ; On                 ; On                 ;
; Parallel Synthesis                                                              ; On                 ; On                 ;
; DSP Block Balancing                                                             ; Auto               ; Auto               ;
; NOT Gate Push-Back                                                              ; On                 ; On                 ;
; Power-Up Don't Care                                                             ; On                 ; On                 ;
; Remove Redundant Logic Cells                                                    ; Off                ; Off                ;
; Remove Duplicate Registers                                                      ; On                 ; On                 ;
; Ignore CARRY Buffers                                                            ; Off                ; Off                ;
; Ignore CASCADE Buffers                                                          ; Off                ; Off                ;
; Ignore GLOBAL Buffers                                                           ; Off                ; Off                ;
; Ignore ROW GLOBAL Buffers                                                       ; Off                ; Off                ;
; Ignore LCELL Buffers                                                            ; Off                ; Off                ;
; Ignore SOFT Buffers                                                             ; On                 ; On                 ;
; Limit AHDL Integers to 32 Bits                                                  ; Off                ; Off                ;
; Optimization Technique                                                          ; Balanced           ; Balanced           ;
; Carry Chain Length                                                              ; 70                 ; 70                 ;
; Auto Carry Chains                                                               ; On                 ; On                 ;
; Auto Open-Drain Pins                                                            ; On                 ; On                 ;
; Perform WYSIWYG Primitive Resynthesis                                           ; Off                ; Off                ;
; Auto ROM Replacement                                                            ; On                 ; On                 ;
; Auto RAM Replacement                                                            ; On                 ; On                 ;
; Auto DSP Block Replacement                                                      ; On                 ; On                 ;
; Auto Shift Register Replacement                                                 ; Auto               ; Auto               ;
; Allow Shift Register Merging across Hierarchies                                 ; Auto               ; Auto               ;
; Auto Clock Enable Replacement                                                   ; On                 ; On                 ;
; Strict RAM Replacement                                                          ; Off                ; Off                ;
; Allow Synchronous Control Signals                                               ; On                 ; On                 ;
; Force Use of Synchronous Clear Signals                                          ; Off                ; Off                ;
; Auto Resource Sharing                                                           ; Off                ; Off                ;
; Allow Any RAM Size For Recognition                                              ; Off                ; Off                ;
; Allow Any ROM Size For Recognition                                              ; Off                ; Off                ;
; Allow Any Shift Register Size For Recognition                                   ; Off                ; Off                ;
; Use LogicLock Constraints during Resource Balancing                             ; On                 ; On                 ;
; Ignore translate_off and synthesis_off directives                               ; Off                ; Off                ;
; Timing-Driven Synthesis                                                         ; On                 ; On                 ;
; Report Parameter Settings                                                       ; On                 ; On                 ;
; Report Source Assignments                                                       ; On                 ; On                 ;
; Report Connectivity Checks                                                      ; On                 ; On                 ;
; Ignore Maximum Fan-Out Assignments                                              ; Off                ; Off                ;
; Synchronization Register Chain Length                                           ; 3                  ; 3                  ;
; PowerPlay Power Optimization During Synthesis                                   ; Normal compilation ; Normal compilation ;
; HDL message level                                                               ; Level2             ; Level2             ;
; Suppress Register Optimization Related Messages                                 ; Off                ; Off                ;
; Number of Removed Registers Reported in Synthesis Report                        ; 5000               ; 5000               ;
; Number of Swept Nodes Reported in Synthesis Report                              ; 5000               ; 5000               ;
; Number of Inverted Registers Reported in Synthesis Report                       ; 100                ; 100                ;
; Clock MUX Protection                                                            ; On                 ; On                 ;
; Auto Gated Clock Conversion                                                     ; Off                ; Off                ;
; Block Design Naming                                                             ; Auto               ; Auto               ;
; SDC constraint protection                                                       ; Off                ; Off                ;
; Synthesis Effort                                                                ; Auto               ; Auto               ;
; Shift Register Replacement - Allow Asynchronous Clear Signal                    ; On                 ; On                 ;
; Pre-Mapping Resynthesis Optimization                                            ; Off                ; Off                ;
; Analysis & Synthesis Message Level                                              ; Medium             ; Medium             ;
; Disable Register Merging Across Hierarchies                                     ; Auto               ; Auto               ;
; Resource Aware Inference For Block RAM                                          ; On                 ; On                 ;
; Automatic Parallel Synthesis                                                    ; On                 ; On                 ;
; Partial Reconfiguration Bitstream ID                                            ; Off                ; Off                ;
+---------------------------------------------------------------------------------+--------------------+--------------------+


+------------------------------------------+
; Parallel Compilation                     ;
+----------------------------+-------------+
; Processors                 ; Number      ;
+----------------------------+-------------+
; Number detected on machine ; 8           ;
; Maximum allowed            ; 4           ;
;                            ;             ;
; Average used               ; 1.00        ;
; Maximum used               ; 4           ;
;                            ;             ;
; Usage by Processor         ; % Time Used ;
;     Processor 1            ; 100.0%      ;
;     Processors 2-4         ;   0.0%      ;
+----------------------------+-------------+


+-----------------------------------------------------------------------------------------------------------------------------------------------------------+
; Analysis & Synthesis Source Files Read                                                                                                                    ;
+----------------------------------+-----------------+------------------------------+-------------------------------------------------------------+---------+
; File Name with User-Entered Path ; Used in Netlist ; File Type                    ; File Name with Absolute Path                                ; Library ;
+----------------------------------+-----------------+------------------------------+-------------------------------------------------------------+---------+
; lfsr.sv                          ; yes             ; User SystemVerilog HDL File  ; C:/Users/annas/Documents/FPGA-mini-games/lfsr.sv            ;         ;
; FPGA_mini_games.sv               ; yes             ; User SystemVerilog HDL File  ; C:/Users/annas/Documents/FPGA-mini-games/FPGA_mini_games.sv ;         ;
; Clock_Divider.sv                 ; yes             ; User SystemVerilog HDL File  ; C:/Users/annas/Documents/FPGA-mini-games/Clock_Divider.sv   ;         ;
+----------------------------------+-----------------+------------------------------+-------------------------------------------------------------+---------+


+--------------------------------------------------------------+
; Analysis & Synthesis Resource Usage Summary                  ;
+---------------------------------------------+----------------+
; Resource                                    ; Usage          ;
+---------------------------------------------+----------------+
; Estimate of Logic utilization (ALMs needed) ; 24             ;
;                                             ;                ;
; Combinational ALUT usage for logic          ; 45             ;
;     -- 7 input functions                    ; 0              ;
;     -- 6 input functions                    ; 2              ;
;     -- 5 input functions                    ; 4              ;
;     -- 4 input functions                    ; 1              ;
;     -- <=3 input functions                  ; 38             ;
;                                             ;                ;
; Dedicated logic registers                   ; 41             ;
;                                             ;                ;
; I/O pins                                    ; 241            ;
;                                             ;                ;
; Total DSP Blocks                            ; 0              ;
;                                             ;                ;
; Maximum fan-out node                        ; CLOCK_50~input ;
; Maximum fan-out                             ; 37             ;
; Total fan-out                               ; 565            ;
; Average fan-out                             ; 0.85           ;
+---------------------------------------------+----------------+


+-------------------------------------------------------------------------------------------------------------------------------------------------------------------------------------------------------------------+
; Analysis & Synthesis Resource Utilization by Entity                                                                                                                                                               ;
+------------------------------+---------------------+---------------------------+-------------------+------------+------+--------------+------------------------------------------+-----------------+--------------+
; Compilation Hierarchy Node   ; Combinational ALUTs ; Dedicated Logic Registers ; Block Memory Bits ; DSP Blocks ; Pins ; Virtual Pins ; Full Hierarchy Name                      ; Entity Name     ; Library Name ;
+------------------------------+---------------------+---------------------------+-------------------+------------+------+--------------+------------------------------------------+-----------------+--------------+
; |FPGA_mini_games             ; 45 (4)              ; 41 (4)                    ; 0                 ; 0          ; 241  ; 0            ; |FPGA_mini_games                         ; FPGA_mini_games ; work         ;
;    |Clock_Divider:clock_1hz| ; 39 (39)             ; 33 (33)                   ; 0                 ; 0          ; 0    ; 0            ; |FPGA_mini_games|Clock_Divider:clock_1hz ; Clock_Divider   ; work         ;
;    |lfsr:random_number|      ; 2 (2)               ; 4 (4)                     ; 0                 ; 0          ; 0    ; 0            ; |FPGA_mini_games|lfsr:random_number      ; lfsr            ; work         ;
+------------------------------+---------------------+---------------------------+-------------------+------------+------+--------------+------------------------------------------+-----------------+--------------+
Note: For table entries with two numbers listed, the numbers in parentheses indicate the number of resources of the given type used by the specific entity alone. The numbers listed outside of parentheses indicate the total resources of the given type used by the specific entity and all of its sub-entities in the hierarchy.


+------------------------------------------------------+
; General Register Statistics                          ;
+----------------------------------------------+-------+
; Statistic                                    ; Value ;
+----------------------------------------------+-------+
; Total registers                              ; 41    ;
; Number of registers using Synchronous Clear  ; 32    ;
; Number of registers using Synchronous Load   ; 0     ;
; Number of registers using Asynchronous Clear ; 0     ;
; Number of registers using Asynchronous Load  ; 0     ;
; Number of registers using Clock Enable       ; 0     ;
; Number of registers using Preset             ; 0     ;
+----------------------------------------------+-------+


+--------------------------------------------------+
; Inverted Register Statistics                     ;
+----------------------------------------+---------+
; Inverted Register                      ; Fan out ;
+----------------------------------------+---------+
; lfsr:random_number|val[0]              ; 2       ;
; Total number of inverted registers = 1 ;         ;
+----------------------------------------+---------+


+-----------------------------------------------------+
; Port Connectivity Checks: "Clock_Divider:clock_1hz" ;
+-----------------+-------+----------+----------------+
; Port            ; Type  ; Severity ; Details        ;
+-----------------+-------+----------+----------------+
; divider[23..19] ; Input ; Info     ; Stuck at VCC   ;
; divider[15..12] ; Input ; Info     ; Stuck at VCC   ;
; divider[31..26] ; Input ; Info     ; Stuck at GND   ;
; divider[11..8]  ; Input ; Info     ; Stuck at GND   ;
; divider[6..0]   ; Input ; Info     ; Stuck at GND   ;
; divider[25]     ; Input ; Info     ; Stuck at VCC   ;
; divider[24]     ; Input ; Info     ; Stuck at GND   ;
; divider[18]     ; Input ; Info     ; Stuck at GND   ;
; divider[17]     ; Input ; Info     ; Stuck at VCC   ;
; divider[16]     ; Input ; Info     ; Stuck at GND   ;
; divider[7]      ; Input ; Info     ; Stuck at VCC   ;
+-----------------+-------+----------+----------------+


+---------------------------------------------------------------------------------------------------------------------------+
; Port Connectivity Checks: "Clock_Divider:clock_1khz"                                                                      ;
+-----------------+--------+----------+-------------------------------------------------------------------------------------+
; Port            ; Type   ; Severity ; Details                                                                             ;
+-----------------+--------+----------+-------------------------------------------------------------------------------------+
; divider[15..14] ; Input  ; Info     ; Stuck at VCC                                                                        ;
; divider[9..8]   ; Input  ; Info     ; Stuck at VCC                                                                        ;
; divider[31..16] ; Input  ; Info     ; Stuck at GND                                                                        ;
; divider[13..10] ; Input  ; Info     ; Stuck at GND                                                                        ;
; divider[3..0]   ; Input  ; Info     ; Stuck at GND                                                                        ;
; divider[7]      ; Input  ; Info     ; Stuck at GND                                                                        ;
; divider[6]      ; Input  ; Info     ; Stuck at VCC                                                                        ;
; divider[5]      ; Input  ; Info     ; Stuck at GND                                                                        ;
; divider[4]      ; Input  ; Info     ; Stuck at VCC                                                                        ;
; clock           ; Output ; Info     ; Connected to dangling logic. Logic that only feeds a dangling port will be removed. ;
+-----------------+--------+----------+-------------------------------------------------------------------------------------+


+-----------------------------------------------------+
; Post-Synthesis Netlist Statistics for Top Partition ;
+-----------------------+-----------------------------+
; Type                  ; Count                       ;
+-----------------------+-----------------------------+
; arriav_ff             ; 41                          ;
;     SCLR              ; 32                          ;
;     plain             ; 9                           ;
; arriav_io_obuf        ; 96                          ;
; arriav_lcell_comb     ; 46                          ;
;     arith             ; 32                          ;
;         1 data inputs ; 32                          ;
;     normal            ; 14                          ;
;         0 data inputs ; 1                           ;
;         1 data inputs ; 1                           ;
;         2 data inputs ; 5                           ;
;         4 data inputs ; 1                           ;
;         5 data inputs ; 4                           ;
;         6 data inputs ; 2                           ;
; boundary_port         ; 241                         ;
;                       ;                             ;
; Max LUT depth         ; 4.10                        ;
; Average LUT depth     ; 1.51                        ;
+-----------------------+-----------------------------+


+-------------------------------+
; Elapsed Time Per Partition    ;
+----------------+--------------+
; Partition Name ; Elapsed Time ;
+----------------+--------------+
; Top            ; 00:00:00     ;
+----------------+--------------+


+-------------------------------+
; Analysis & Synthesis Messages ;
+-------------------------------+
Info: *******************************************************************
Info: Running Quartus Prime Analysis & Synthesis
    Info: Version 16.1.2 Build 203 01/18/2017 SJ Lite Edition
    Info: Processing started: Thu Oct 12 15:36:05 2023
Info: Command: quartus_map --read_settings_files=on --write_settings_files=off FPGA_mini_games -c FPGA_mini_games
Warning (18236): Number of processors has not been specified which may cause overloading on shared machines.  Set the global assignment NUM_PARALLEL_PROCESSORS in your QSF to an appropriate value for best performance.
Info (20030): Parallel compilation is enabled and will use 4 of the 4 processors detected
Info (12021): Found 1 design units, including 1 entities, in source file lfsr.sv
    Info (12023): Found entity 1: lfsr File: C:/Users/annas/Documents/FPGA-mini-games/lfsr.sv Line: 1
Info (12021): Found 1 design units, including 1 entities, in source file fpga_mini_games.sv
    Info (12023): Found entity 1: FPGA_mini_games File: C:/Users/annas/Documents/FPGA-mini-games/FPGA_mini_games.sv Line: 5
Info (12021): Found 1 design units, including 1 entities, in source file game1_fsm.sv
    Info (12023): Found entity 1: game1_fsm File: C:/Users/annas/Documents/FPGA-mini-games/game1_fsm.sv Line: 1
Info (12021): Found 1 design units, including 1 entities, in source file clock_divider.sv
    Info (12023): Found entity 1: Clock_Divider File: C:/Users/annas/Documents/FPGA-mini-games/Clock_Divider.sv Line: 1
Info (12127): Elaborating entity "FPGA_mini_games" for the top level hierarchy
Warning (10034): Output port "DRAM_ADDR" at FPGA_mini_games.sv(34) has no driver File: C:/Users/annas/Documents/FPGA-mini-games/FPGA_mini_games.sv Line: 34
Warning (10034): Output port "DRAM_BA" at FPGA_mini_games.sv(35) has no driver File: C:/Users/annas/Documents/FPGA-mini-games/FPGA_mini_games.sv Line: 35
Warning (10034): Output port "HEX0" at FPGA_mini_games.sv(59) has no driver File: C:/Users/annas/Documents/FPGA-mini-games/FPGA_mini_games.sv Line: 59
Warning (10034): Output port "HEX1" at FPGA_mini_games.sv(62) has no driver File: C:/Users/annas/Documents/FPGA-mini-games/FPGA_mini_games.sv Line: 62
Warning (10034): Output port "HEX2" at FPGA_mini_games.sv(65) has no driver File: C:/Users/annas/Documents/FPGA-mini-games/FPGA_mini_games.sv Line: 65
Warning (10034): Output port "HEX3" at FPGA_mini_games.sv(68) has no driver File: C:/Users/annas/Documents/FPGA-mini-games/FPGA_mini_games.sv Line: 68
Warning (10034): Output port "HEX4" at FPGA_mini_games.sv(71) has no driver File: C:/Users/annas/Documents/FPGA-mini-games/FPGA_mini_games.sv Line: 71
Warning (10034): Output port "HEX5" at FPGA_mini_games.sv(74) has no driver File: C:/Users/annas/Documents/FPGA-mini-games/FPGA_mini_games.sv Line: 74
Warning (10034): Output port "LEDR[9..4]" at FPGA_mini_games.sv(140) has no driver File: C:/Users/annas/Documents/FPGA-mini-games/FPGA_mini_games.sv Line: 140
Warning (10034): Output port "VGA_B" at FPGA_mini_games.sv(159) has no driver File: C:/Users/annas/Documents/FPGA-mini-games/FPGA_mini_games.sv Line: 159
Warning (10034): Output port "VGA_G" at FPGA_mini_games.sv(162) has no driver File: C:/Users/annas/Documents/FPGA-mini-games/FPGA_mini_games.sv Line: 162
Warning (10034): Output port "VGA_R" at FPGA_mini_games.sv(164) has no driver File: C:/Users/annas/Documents/FPGA-mini-games/FPGA_mini_games.sv Line: 164
Warning (10034): Output port "ADC_CONVST" at FPGA_mini_games.sv(8) has no driver File: C:/Users/annas/Documents/FPGA-mini-games/FPGA_mini_games.sv Line: 8
Warning (10034): Output port "ADC_DIN" at FPGA_mini_games.sv(9) has no driver File: C:/Users/annas/Documents/FPGA-mini-games/FPGA_mini_games.sv Line: 9
Warning (10034): Output port "ADC_SCLK" at FPGA_mini_games.sv(11) has no driver File: C:/Users/annas/Documents/FPGA-mini-games/FPGA_mini_games.sv Line: 11
Warning (10034): Output port "AUD_DACDAT" at FPGA_mini_games.sv(17) has no driver File: C:/Users/annas/Documents/FPGA-mini-games/FPGA_mini_games.sv Line: 17
Warning (10034): Output port "AUD_XCK" at FPGA_mini_games.sv(19) has no driver File: C:/Users/annas/Documents/FPGA-mini-games/FPGA_mini_games.sv Line: 19
Warning (10034): Output port "DRAM_CAS_N" at FPGA_mini_games.sv(36) has no driver File: C:/Users/annas/Documents/FPGA-mini-games/FPGA_mini_games.sv Line: 36
Warning (10034): Output port "DRAM_CKE" at FPGA_mini_games.sv(37) has no driver File: C:/Users/annas/Documents/FPGA-mini-games/FPGA_mini_games.sv Line: 37
Warning (10034): Output port "DRAM_CLK" at FPGA_mini_games.sv(38) has no driver File: C:/Users/annas/Documents/FPGA-mini-games/FPGA_mini_games.sv Line: 38
Warning (10034): Output port "DRAM_CS_N" at FPGA_mini_games.sv(39) has no driver File: C:/Users/annas/Documents/FPGA-mini-games/FPGA_mini_games.sv Line: 39
Warning (10034): Output port "DRAM_LDQM" at FPGA_mini_games.sv(41) has no driver File: C:/Users/annas/Documents/FPGA-mini-games/FPGA_mini_games.sv Line: 41
Warning (10034): Output port "DRAM_RAS_N" at FPGA_mini_games.sv(42) has no driver File: C:/Users/annas/Documents/FPGA-mini-games/FPGA_mini_games.sv Line: 42
Warning (10034): Output port "DRAM_UDQM" at FPGA_mini_games.sv(43) has no driver File: C:/Users/annas/Documents/FPGA-mini-games/FPGA_mini_games.sv Line: 43
Warning (10034): Output port "DRAM_WE_N" at FPGA_mini_games.sv(44) has no driver File: C:/Users/annas/Documents/FPGA-mini-games/FPGA_mini_games.sv Line: 44
Warning (10034): Output port "FAN_CTRL" at FPGA_mini_games.sv(47) has no driver File: C:/Users/annas/Documents/FPGA-mini-games/FPGA_mini_games.sv Line: 47
Warning (10034): Output port "FPGA_I2C_SCLK" at FPGA_mini_games.sv(50) has no driver File: C:/Users/annas/Documents/FPGA-mini-games/FPGA_mini_games.sv Line: 50
Warning (10034): Output port "IRDA_TXD" at FPGA_mini_games.sv(134) has no driver File: C:/Users/annas/Documents/FPGA-mini-games/FPGA_mini_games.sv Line: 134
Warning (10034): Output port "TD_RESET_N" at FPGA_mini_games.sv(155) has no driver File: C:/Users/annas/Documents/FPGA-mini-games/FPGA_mini_games.sv Line: 155
Warning (10034): Output port "VGA_BLANK_N" at FPGA_mini_games.sv(160) has no driver File: C:/Users/annas/Documents/FPGA-mini-games/FPGA_mini_games.sv Line: 160
Warning (10034): Output port "VGA_CLK" at FPGA_mini_games.sv(161) has no driver File: C:/Users/annas/Documents/FPGA-mini-games/FPGA_mini_games.sv Line: 161
Warning (10034): Output port "VGA_HS" at FPGA_mini_games.sv(163) has no driver File: C:/Users/annas/Documents/FPGA-mini-games/FPGA_mini_games.sv Line: 163
Warning (10034): Output port "VGA_SYNC_N" at FPGA_mini_games.sv(165) has no driver File: C:/Users/annas/Documents/FPGA-mini-games/FPGA_mini_games.sv Line: 165
Warning (10034): Output port "VGA_VS" at FPGA_mini_games.sv(167) has no driver File: C:/Users/annas/Documents/FPGA-mini-games/FPGA_mini_games.sv Line: 167
Info (12128): Elaborating entity "Clock_Divider" for hierarchy "Clock_Divider:clock_1khz" File: C:/Users/annas/Documents/FPGA-mini-games/FPGA_mini_games.sv Line: 171
Info (12128): Elaborating entity "lfsr" for hierarchy "lfsr:random_number" File: C:/Users/annas/Documents/FPGA-mini-games/FPGA_mini_games.sv Line: 183
Warning (13039): The following bidirectional pins have no drivers
    Warning (13040): bidirectional pin "AUD_ADCLRCK" has no driver File: C:/Users/annas/Documents/FPGA-mini-games/FPGA_mini_games.sv Line: 15
    Warning (13040): bidirectional pin "AUD_BCLK" has no driver File: C:/Users/annas/Documents/FPGA-mini-games/FPGA_mini_games.sv Line: 16
    Warning (13040): bidirectional pin "AUD_DACLRCK" has no driver File: C:/Users/annas/Documents/FPGA-mini-games/FPGA_mini_games.sv Line: 18
    Warning (13040): bidirectional pin "DRAM_DQ[0]" has no driver File: C:/Users/annas/Documents/FPGA-mini-games/FPGA_mini_games.sv Line: 40
    Warning (13040): bidirectional pin "DRAM_DQ[1]" has no driver File: C:/Users/annas/Documents/FPGA-mini-games/FPGA_mini_games.sv Line: 40
    Warning (13040): bidirectional pin "DRAM_DQ[2]" has no driver File: C:/Users/annas/Documents/FPGA-mini-games/FPGA_mini_games.sv Line: 40
    Warning (13040): bidirectional pin "DRAM_DQ[3]" has no driver File: C:/Users/annas/Documents/FPGA-mini-games/FPGA_mini_games.sv Line: 40
    Warning (13040): bidirectional pin "DRAM_DQ[4]" has no driver File: C:/Users/annas/Documents/FPGA-mini-games/FPGA_mini_games.sv Line: 40
    Warning (13040): bidirectional pin "DRAM_DQ[5]" has no driver File: C:/Users/annas/Documents/FPGA-mini-games/FPGA_mini_games.sv Line: 40
    Warning (13040): bidirectional pin "DRAM_DQ[6]" has no driver File: C:/Users/annas/Documents/FPGA-mini-games/FPGA_mini_games.sv Line: 40
    Warning (13040): bidirectional pin "DRAM_DQ[7]" has no driver File: C:/Users/annas/Documents/FPGA-mini-games/FPGA_mini_games.sv Line: 40
    Warning (13040): bidirectional pin "DRAM_DQ[8]" has no driver File: C:/Users/annas/Documents/FPGA-mini-games/FPGA_mini_games.sv Line: 40
    Warning (13040): bidirectional pin "DRAM_DQ[9]" has no driver File: C:/Users/annas/Documents/FPGA-mini-games/FPGA_mini_games.sv Line: 40
    Warning (13040): bidirectional pin "DRAM_DQ[10]" has no driver File: C:/Users/annas/Documents/FPGA-mini-games/FPGA_mini_games.sv Line: 40
    Warning (13040): bidirectional pin "DRAM_DQ[11]" has no driver File: C:/Users/annas/Documents/FPGA-mini-games/FPGA_mini_games.sv Line: 40
    Warning (13040): bidirectional pin "DRAM_DQ[12]" has no driver File: C:/Users/annas/Documents/FPGA-mini-games/FPGA_mini_games.sv Line: 40
    Warning (13040): bidirectional pin "DRAM_DQ[13]" has no driver File: C:/Users/annas/Documents/FPGA-mini-games/FPGA_mini_games.sv Line: 40
    Warning (13040): bidirectional pin "DRAM_DQ[14]" has no driver File: C:/Users/annas/Documents/FPGA-mini-games/FPGA_mini_games.sv Line: 40
    Warning (13040): bidirectional pin "DRAM_DQ[15]" has no driver File: C:/Users/annas/Documents/FPGA-mini-games/FPGA_mini_games.sv Line: 40
    Warning (13040): bidirectional pin "FPGA_I2C_SDAT" has no driver File: C:/Users/annas/Documents/FPGA-mini-games/FPGA_mini_games.sv Line: 51
    Warning (13040): bidirectional pin "GPIO_0[0]" has no driver File: C:/Users/annas/Documents/FPGA-mini-games/FPGA_mini_games.sv Line: 54
    Warning (13040): bidirectional pin "GPIO_0[1]" has no driver File: C:/Users/annas/Documents/FPGA-mini-games/FPGA_mini_games.sv Line: 54
    Warning (13040): bidirectional pin "GPIO_0[2]" has no driver File: C:/Users/annas/Documents/FPGA-mini-games/FPGA_mini_games.sv Line: 54
    Warning (13040): bidirectional pin "GPIO_0[3]" has no driver File: C:/Users/annas/Documents/FPGA-mini-games/FPGA_mini_games.sv Line: 54
    Warning (13040): bidirectional pin "GPIO_0[4]" has no driver File: C:/Users/annas/Documents/FPGA-mini-games/FPGA_mini_games.sv Line: 54
    Warning (13040): bidirectional pin "GPIO_0[5]" has no driver File: C:/Users/annas/Documents/FPGA-mini-games/FPGA_mini_games.sv Line: 54
    Warning (13040): bidirectional pin "GPIO_0[6]" has no driver File: C:/Users/annas/Documents/FPGA-mini-games/FPGA_mini_games.sv Line: 54
    Warning (13040): bidirectional pin "GPIO_0[7]" has no driver File: C:/Users/annas/Documents/FPGA-mini-games/FPGA_mini_games.sv Line: 54
    Warning (13040): bidirectional pin "GPIO_0[8]" has no driver File: C:/Users/annas/Documents/FPGA-mini-games/FPGA_mini_games.sv Line: 54
    Warning (13040): bidirectional pin "GPIO_0[9]" has no driver File: C:/Users/annas/Documents/FPGA-mini-games/FPGA_mini_games.sv Line: 54
    Warning (13040): bidirectional pin "GPIO_0[10]" has no driver File: C:/Users/annas/Documents/FPGA-mini-games/FPGA_mini_games.sv Line: 54
    Warning (13040): bidirectional pin "GPIO_0[11]" has no driver File: C:/Users/annas/Documents/FPGA-mini-games/FPGA_mini_games.sv Line: 54
    Warning (13040): bidirectional pin "GPIO_0[12]" has no driver File: C:/Users/annas/Documents/FPGA-mini-games/FPGA_mini_games.sv Line: 54
    Warning (13040): bidirectional pin "GPIO_0[13]" has no driver File: C:/Users/annas/Documents/FPGA-mini-games/FPGA_mini_games.sv Line: 54
    Warning (13040): bidirectional pin "GPIO_0[14]" has no driver File: C:/Users/annas/Documents/FPGA-mini-games/FPGA_mini_games.sv Line: 54
    Warning (13040): bidirectional pin "GPIO_0[15]" has no driver File: C:/Users/annas/Documents/FPGA-mini-games/FPGA_mini_games.sv Line: 54
    Warning (13040): bidirectional pin "GPIO_0[16]" has no driver File: C:/Users/annas/Documents/FPGA-mini-games/FPGA_mini_games.sv Line: 54
    Warning (13040): bidirectional pin "GPIO_0[17]" has no driver File: C:/Users/annas/Documents/FPGA-mini-games/FPGA_mini_games.sv Line: 54
    Warning (13040): bidirectional pin "GPIO_0[18]" has no driver File: C:/Users/annas/Documents/FPGA-mini-games/FPGA_mini_games.sv Line: 54
    Warning (13040): bidirectional pin "GPIO_0[19]" has no driver File: C:/Users/annas/Documents/FPGA-mini-games/FPGA_mini_games.sv Line: 54
    Warning (13040): bidirectional pin "GPIO_0[20]" has no driver File: C:/Users/annas/Documents/FPGA-mini-games/FPGA_mini_games.sv Line: 54
    Warning (13040): bidirectional pin "GPIO_0[21]" has no driver File: C:/Users/annas/Documents/FPGA-mini-games/FPGA_mini_games.sv Line: 54
    Warning (13040): bidirectional pin "GPIO_0[22]" has no driver File: C:/Users/annas/Documents/FPGA-mini-games/FPGA_mini_games.sv Line: 54
    Warning (13040): bidirectional pin "GPIO_0[23]" has no driver File: C:/Users/annas/Documents/FPGA-mini-games/FPGA_mini_games.sv Line: 54
    Warning (13040): bidirectional pin "GPIO_0[24]" has no driver File: C:/Users/annas/Documents/FPGA-mini-games/FPGA_mini_games.sv Line: 54
    Warning (13040): bidirectional pin "GPIO_0[25]" has no driver File: C:/Users/annas/Documents/FPGA-mini-games/FPGA_mini_games.sv Line: 54
    Warning (13040): bidirectional pin "GPIO_0[26]" has no driver File: C:/Users/annas/Documents/FPGA-mini-games/FPGA_mini_games.sv Line: 54
    Warning (13040): bidirectional pin "GPIO_0[27]" has no driver File: C:/Users/annas/Documents/FPGA-mini-games/FPGA_mini_games.sv Line: 54
    Warning (13040): bidirectional pin "GPIO_0[28]" has no driver File: C:/Users/annas/Documents/FPGA-mini-games/FPGA_mini_games.sv Line: 54
    Warning (13040): bidirectional pin "GPIO_0[29]" has no driver File: C:/Users/annas/Documents/FPGA-mini-games/FPGA_mini_games.sv Line: 54
    Warning (13040): bidirectional pin "GPIO_0[30]" has no driver File: C:/Users/annas/Documents/FPGA-mini-games/FPGA_mini_games.sv Line: 54
    Warning (13040): bidirectional pin "GPIO_0[31]" has no driver File: C:/Users/annas/Documents/FPGA-mini-games/FPGA_mini_games.sv Line: 54
    Warning (13040): bidirectional pin "GPIO_0[32]" has no driver File: C:/Users/annas/Documents/FPGA-mini-games/FPGA_mini_games.sv Line: 54
    Warning (13040): bidirectional pin "GPIO_0[33]" has no driver File: C:/Users/annas/Documents/FPGA-mini-games/FPGA_mini_games.sv Line: 54
    Warning (13040): bidirectional pin "GPIO_0[34]" has no driver File: C:/Users/annas/Documents/FPGA-mini-games/FPGA_mini_games.sv Line: 54
    Warning (13040): bidirectional pin "GPIO_0[35]" has no driver File: C:/Users/annas/Documents/FPGA-mini-games/FPGA_mini_games.sv Line: 54
    Warning (13040): bidirectional pin "GPIO_1[0]" has no driver File: C:/Users/annas/Documents/FPGA-mini-games/FPGA_mini_games.sv Line: 55
    Warning (13040): bidirectional pin "GPIO_1[1]" has no driver File: C:/Users/annas/Documents/FPGA-mini-games/FPGA_mini_games.sv Line: 55
    Warning (13040): bidirectional pin "GPIO_1[2]" has no driver File: C:/Users/annas/Documents/FPGA-mini-games/FPGA_mini_games.sv Line: 55
    Warning (13040): bidirectional pin "GPIO_1[3]" has no driver File: C:/Users/annas/Documents/FPGA-mini-games/FPGA_mini_games.sv Line: 55
    Warning (13040): bidirectional pin "GPIO_1[4]" has no driver File: C:/Users/annas/Documents/FPGA-mini-games/FPGA_mini_games.sv Line: 55
    Warning (13040): bidirectional pin "GPIO_1[5]" has no driver File: C:/Users/annas/Documents/FPGA-mini-games/FPGA_mini_games.sv Line: 55
    Warning (13040): bidirectional pin "GPIO_1[6]" has no driver File: C:/Users/annas/Documents/FPGA-mini-games/FPGA_mini_games.sv Line: 55
    Warning (13040): bidirectional pin "GPIO_1[7]" has no driver File: C:/Users/annas/Documents/FPGA-mini-games/FPGA_mini_games.sv Line: 55
    Warning (13040): bidirectional pin "GPIO_1[8]" has no driver File: C:/Users/annas/Documents/FPGA-mini-games/FPGA_mini_games.sv Line: 55
    Warning (13040): bidirectional pin "GPIO_1[9]" has no driver File: C:/Users/annas/Documents/FPGA-mini-games/FPGA_mini_games.sv Line: 55
    Warning (13040): bidirectional pin "GPIO_1[10]" has no driver File: C:/Users/annas/Documents/FPGA-mini-games/FPGA_mini_games.sv Line: 55
    Warning (13040): bidirectional pin "GPIO_1[11]" has no driver File: C:/Users/annas/Documents/FPGA-mini-games/FPGA_mini_games.sv Line: 55
    Warning (13040): bidirectional pin "GPIO_1[12]" has no driver File: C:/Users/annas/Documents/FPGA-mini-games/FPGA_mini_games.sv Line: 55
    Warning (13040): bidirectional pin "GPIO_1[13]" has no driver File: C:/Users/annas/Documents/FPGA-mini-games/FPGA_mini_games.sv Line: 55
    Warning (13040): bidirectional pin "GPIO_1[14]" has no driver File: C:/Users/annas/Documents/FPGA-mini-games/FPGA_mini_games.sv Line: 55
    Warning (13040): bidirectional pin "GPIO_1[15]" has no driver File: C:/Users/annas/Documents/FPGA-mini-games/FPGA_mini_games.sv Line: 55
    Warning (13040): bidirectional pin "GPIO_1[16]" has no driver File: C:/Users/annas/Documents/FPGA-mini-games/FPGA_mini_games.sv Line: 55
    Warning (13040): bidirectional pin "GPIO_1[17]" has no driver File: C:/Users/annas/Documents/FPGA-mini-games/FPGA_mini_games.sv Line: 55
    Warning (13040): bidirectional pin "GPIO_1[18]" has no driver File: C:/Users/annas/Documents/FPGA-mini-games/FPGA_mini_games.sv Line: 55
    Warning (13040): bidirectional pin "GPIO_1[19]" has no driver File: C:/Users/annas/Documents/FPGA-mini-games/FPGA_mini_games.sv Line: 55
    Warning (13040): bidirectional pin "GPIO_1[20]" has no driver File: C:/Users/annas/Documents/FPGA-mini-games/FPGA_mini_games.sv Line: 55
    Warning (13040): bidirectional pin "GPIO_1[21]" has no driver File: C:/Users/annas/Documents/FPGA-mini-games/FPGA_mini_games.sv Line: 55
    Warning (13040): bidirectional pin "GPIO_1[22]" has no driver File: C:/Users/annas/Documents/FPGA-mini-games/FPGA_mini_games.sv Line: 55
    Warning (13040): bidirectional pin "GPIO_1[23]" has no driver File: C:/Users/annas/Documents/FPGA-mini-games/FPGA_mini_games.sv Line: 55
    Warning (13040): bidirectional pin "GPIO_1[24]" has no driver File: C:/Users/annas/Documents/FPGA-mini-games/FPGA_mini_games.sv Line: 55
    Warning (13040): bidirectional pin "GPIO_1[25]" has no driver File: C:/Users/annas/Documents/FPGA-mini-games/FPGA_mini_games.sv Line: 55
    Warning (13040): bidirectional pin "GPIO_1[26]" has no driver File: C:/Users/annas/Documents/FPGA-mini-games/FPGA_mini_games.sv Line: 55
    Warning (13040): bidirectional pin "GPIO_1[27]" has no driver File: C:/Users/annas/Documents/FPGA-mini-games/FPGA_mini_games.sv Line: 55
    Warning (13040): bidirectional pin "GPIO_1[28]" has no driver File: C:/Users/annas/Documents/FPGA-mini-games/FPGA_mini_games.sv Line: 55
    Warning (13040): bidirectional pin "GPIO_1[29]" has no driver File: C:/Users/annas/Documents/FPGA-mini-games/FPGA_mini_games.sv Line: 55
    Warning (13040): bidirectional pin "GPIO_1[30]" has no driver File: C:/Users/annas/Documents/FPGA-mini-games/FPGA_mini_games.sv Line: 55
    Warning (13040): bidirectional pin "GPIO_1[31]" has no driver File: C:/Users/annas/Documents/FPGA-mini-games/FPGA_mini_games.sv Line: 55
    Warning (13040): bidirectional pin "GPIO_1[32]" has no driver File: C:/Users/annas/Documents/FPGA-mini-games/FPGA_mini_games.sv Line: 55
    Warning (13040): bidirectional pin "GPIO_1[33]" has no driver File: C:/Users/annas/Documents/FPGA-mini-games/FPGA_mini_games.sv Line: 55
    Warning (13040): bidirectional pin "GPIO_1[34]" has no driver File: C:/Users/annas/Documents/FPGA-mini-games/FPGA_mini_games.sv Line: 55
    Warning (13040): bidirectional pin "GPIO_1[35]" has no driver File: C:/Users/annas/Documents/FPGA-mini-games/FPGA_mini_games.sv Line: 55
    Warning (13040): bidirectional pin "PS2_CLK" has no driver File: C:/Users/annas/Documents/FPGA-mini-games/FPGA_mini_games.sv Line: 143
    Warning (13040): bidirectional pin "PS2_CLK2" has no driver File: C:/Users/annas/Documents/FPGA-mini-games/FPGA_mini_games.sv Line: 144
    Warning (13040): bidirectional pin "PS2_DAT" has no driver File: C:/Users/annas/Documents/FPGA-mini-games/FPGA_mini_games.sv Line: 145
    Warning (13040): bidirectional pin "PS2_DAT2" has no driver File: C:/Users/annas/Documents/FPGA-mini-games/FPGA_mini_games.sv Line: 146
Warning (13024): Output pins are stuck at VCC or GND
    Warning (13410): Pin "ADC_CONVST" is stuck at GND File: C:/Users/annas/Documents/FPGA-mini-games/FPGA_mini_games.sv Line: 8
    Warning (13410): Pin "ADC_DIN" is stuck at GND File: C:/Users/annas/Documents/FPGA-mini-games/FPGA_mini_games.sv Line: 9
    Warning (13410): Pin "ADC_SCLK" is stuck at GND File: C:/Users/annas/Documents/FPGA-mini-games/FPGA_mini_games.sv Line: 11
    Warning (13410): Pin "AUD_DACDAT" is stuck at GND File: C:/Users/annas/Documents/FPGA-mini-games/FPGA_mini_games.sv Line: 17
    Warning (13410): Pin "AUD_XCK" is stuck at GND File: C:/Users/annas/Documents/FPGA-mini-games/FPGA_mini_games.sv Line: 19
    Warning (13410): Pin "DRAM_ADDR[0]" is stuck at GND File: C:/Users/annas/Documents/FPGA-mini-games/FPGA_mini_games.sv Line: 34
    Warning (13410): Pin "DRAM_ADDR[1]" is stuck at GND File: C:/Users/annas/Documents/FPGA-mini-games/FPGA_mini_games.sv Line: 34
    Warning (13410): Pin "DRAM_ADDR[2]" is stuck at GND File: C:/Users/annas/Documents/FPGA-mini-games/FPGA_mini_games.sv Line: 34
    Warning (13410): Pin "DRAM_ADDR[3]" is stuck at GND File: C:/Users/annas/Documents/FPGA-mini-games/FPGA_mini_games.sv Line: 34
    Warning (13410): Pin "DRAM_ADDR[4]" is stuck at GND File: C:/Users/annas/Documents/FPGA-mini-games/FPGA_mini_games.sv Line: 34
    Warning (13410): Pin "DRAM_ADDR[5]" is stuck at GND File: C:/Users/annas/Documents/FPGA-mini-games/FPGA_mini_games.sv Line: 34
    Warning (13410): Pin "DRAM_ADDR[6]" is stuck at GND File: C:/Users/annas/Documents/FPGA-mini-games/FPGA_mini_games.sv Line: 34
    Warning (13410): Pin "DRAM_ADDR[7]" is stuck at GND File: C:/Users/annas/Documents/FPGA-mini-games/FPGA_mini_games.sv Line: 34
    Warning (13410): Pin "DRAM_ADDR[8]" is stuck at GND File: C:/Users/annas/Documents/FPGA-mini-games/FPGA_mini_games.sv Line: 34
    Warning (13410): Pin "DRAM_ADDR[9]" is stuck at GND File: C:/Users/annas/Documents/FPGA-mini-games/FPGA_mini_games.sv Line: 34
    Warning (13410): Pin "DRAM_ADDR[10]" is stuck at GND File: C:/Users/annas/Documents/FPGA-mini-games/FPGA_mini_games.sv Line: 34
    Warning (13410): Pin "DRAM_ADDR[11]" is stuck at GND File: C:/Users/annas/Documents/FPGA-mini-games/FPGA_mini_games.sv Line: 34
    Warning (13410): Pin "DRAM_ADDR[12]" is stuck at GND File: C:/Users/annas/Documents/FPGA-mini-games/FPGA_mini_games.sv Line: 34
    Warning (13410): Pin "DRAM_BA[0]" is stuck at GND File: C:/Users/annas/Documents/FPGA-mini-games/FPGA_mini_games.sv Line: 35
    Warning (13410): Pin "DRAM_BA[1]" is stuck at GND File: C:/Users/annas/Documents/FPGA-mini-games/FPGA_mini_games.sv Line: 35
    Warning (13410): Pin "DRAM_CAS_N" is stuck at GND File: C:/Users/annas/Documents/FPGA-mini-games/FPGA_mini_games.sv Line: 36
    Warning (13410): Pin "DRAM_CKE" is stuck at GND File: C:/Users/annas/Documents/FPGA-mini-games/FPGA_mini_games.sv Line: 37
    Warning (13410): Pin "DRAM_CLK" is stuck at GND File: C:/Users/annas/Documents/FPGA-mini-games/FPGA_mini_games.sv Line: 38
    Warning (13410): Pin "DRAM_CS_N" is stuck at GND File: C:/Users/annas/Documents/FPGA-mini-games/FPGA_mini_games.sv Line: 39
    Warning (13410): Pin "DRAM_LDQM" is stuck at GND File: C:/Users/annas/Documents/FPGA-mini-games/FPGA_mini_games.sv Line: 41
    Warning (13410): Pin "DRAM_RAS_N" is stuck at GND File: C:/Users/annas/Documents/FPGA-mini-games/FPGA_mini_games.sv Line: 42
    Warning (13410): Pin "DRAM_UDQM" is stuck at GND File: C:/Users/annas/Documents/FPGA-mini-games/FPGA_mini_games.sv Line: 43
    Warning (13410): Pin "DRAM_WE_N" is stuck at GND File: C:/Users/annas/Documents/FPGA-mini-games/FPGA_mini_games.sv Line: 44
    Warning (13410): Pin "FAN_CTRL" is stuck at GND File: C:/Users/annas/Documents/FPGA-mini-games/FPGA_mini_games.sv Line: 47
    Warning (13410): Pin "FPGA_I2C_SCLK" is stuck at GND File: C:/Users/annas/Documents/FPGA-mini-games/FPGA_mini_games.sv Line: 50
    Warning (13410): Pin "HEX0[0]" is stuck at GND File: C:/Users/annas/Documents/FPGA-mini-games/FPGA_mini_games.sv Line: 59
    Warning (13410): Pin "HEX0[1]" is stuck at GND File: C:/Users/annas/Documents/FPGA-mini-games/FPGA_mini_games.sv Line: 59
    Warning (13410): Pin "HEX0[2]" is stuck at GND File: C:/Users/annas/Documents/FPGA-mini-games/FPGA_mini_games.sv Line: 59
    Warning (13410): Pin "HEX0[3]" is stuck at GND File: C:/Users/annas/Documents/FPGA-mini-games/FPGA_mini_games.sv Line: 59
    Warning (13410): Pin "HEX0[4]" is stuck at GND File: C:/Users/annas/Documents/FPGA-mini-games/FPGA_mini_games.sv Line: 59
    Warning (13410): Pin "HEX0[5]" is stuck at GND File: C:/Users/annas/Documents/FPGA-mini-games/FPGA_mini_games.sv Line: 59
    Warning (13410): Pin "HEX0[6]" is stuck at GND File: C:/Users/annas/Documents/FPGA-mini-games/FPGA_mini_games.sv Line: 59
    Warning (13410): Pin "HEX1[0]" is stuck at GND File: C:/Users/annas/Documents/FPGA-mini-games/FPGA_mini_games.sv Line: 62
    Warning (13410): Pin "HEX1[1]" is stuck at GND File: C:/Users/annas/Documents/FPGA-mini-games/FPGA_mini_games.sv Line: 62
    Warning (13410): Pin "HEX1[2]" is stuck at GND File: C:/Users/annas/Documents/FPGA-mini-games/FPGA_mini_games.sv Line: 62
    Warning (13410): Pin "HEX1[3]" is stuck at GND File: C:/Users/annas/Documents/FPGA-mini-games/FPGA_mini_games.sv Line: 62
    Warning (13410): Pin "HEX1[4]" is stuck at GND File: C:/Users/annas/Documents/FPGA-mini-games/FPGA_mini_games.sv Line: 62
    Warning (13410): Pin "HEX1[5]" is stuck at GND File: C:/Users/annas/Documents/FPGA-mini-games/FPGA_mini_games.sv Line: 62
    Warning (13410): Pin "HEX1[6]" is stuck at GND File: C:/Users/annas/Documents/FPGA-mini-games/FPGA_mini_games.sv Line: 62
    Warning (13410): Pin "HEX2[0]" is stuck at GND File: C:/Users/annas/Documents/FPGA-mini-games/FPGA_mini_games.sv Line: 65
    Warning (13410): Pin "HEX2[1]" is stuck at GND File: C:/Users/annas/Documents/FPGA-mini-games/FPGA_mini_games.sv Line: 65
    Warning (13410): Pin "HEX2[2]" is stuck at GND File: C:/Users/annas/Documents/FPGA-mini-games/FPGA_mini_games.sv Line: 65
    Warning (13410): Pin "HEX2[3]" is stuck at GND File: C:/Users/annas/Documents/FPGA-mini-games/FPGA_mini_games.sv Line: 65
    Warning (13410): Pin "HEX2[4]" is stuck at GND File: C:/Users/annas/Documents/FPGA-mini-games/FPGA_mini_games.sv Line: 65
    Warning (13410): Pin "HEX2[5]" is stuck at GND File: C:/Users/annas/Documents/FPGA-mini-games/FPGA_mini_games.sv Line: 65
    Warning (13410): Pin "HEX2[6]" is stuck at GND File: C:/Users/annas/Documents/FPGA-mini-games/FPGA_mini_games.sv Line: 65
    Warning (13410): Pin "HEX3[0]" is stuck at GND File: C:/Users/annas/Documents/FPGA-mini-games/FPGA_mini_games.sv Line: 68
    Warning (13410): Pin "HEX3[1]" is stuck at GND File: C:/Users/annas/Documents/FPGA-mini-games/FPGA_mini_games.sv Line: 68
    Warning (13410): Pin "HEX3[2]" is stuck at GND File: C:/Users/annas/Documents/FPGA-mini-games/FPGA_mini_games.sv Line: 68
    Warning (13410): Pin "HEX3[3]" is stuck at GND File: C:/Users/annas/Documents/FPGA-mini-games/FPGA_mini_games.sv Line: 68
    Warning (13410): Pin "HEX3[4]" is stuck at GND File: C:/Users/annas/Documents/FPGA-mini-games/FPGA_mini_games.sv Line: 68
    Warning (13410): Pin "HEX3[5]" is stuck at GND File: C:/Users/annas/Documents/FPGA-mini-games/FPGA_mini_games.sv Line: 68
    Warning (13410): Pin "HEX3[6]" is stuck at GND File: C:/Users/annas/Documents/FPGA-mini-games/FPGA_mini_games.sv Line: 68
    Warning (13410): Pin "HEX4[0]" is stuck at GND File: C:/Users/annas/Documents/FPGA-mini-games/FPGA_mini_games.sv Line: 71
    Warning (13410): Pin "HEX4[1]" is stuck at GND File: C:/Users/annas/Documents/FPGA-mini-games/FPGA_mini_games.sv Line: 71
    Warning (13410): Pin "HEX4[2]" is stuck at GND File: C:/Users/annas/Documents/FPGA-mini-games/FPGA_mini_games.sv Line: 71
    Warning (13410): Pin "HEX4[3]" is stuck at GND File: C:/Users/annas/Documents/FPGA-mini-games/FPGA_mini_games.sv Line: 71
    Warning (13410): Pin "HEX4[4]" is stuck at GND File: C:/Users/annas/Documents/FPGA-mini-games/FPGA_mini_games.sv Line: 71
    Warning (13410): Pin "HEX4[5]" is stuck at GND File: C:/Users/annas/Documents/FPGA-mini-games/FPGA_mini_games.sv Line: 71
    Warning (13410): Pin "HEX4[6]" is stuck at GND File: C:/Users/annas/Documents/FPGA-mini-games/FPGA_mini_games.sv Line: 71
    Warning (13410): Pin "HEX5[0]" is stuck at GND File: C:/Users/annas/Documents/FPGA-mini-games/FPGA_mini_games.sv Line: 74
    Warning (13410): Pin "HEX5[1]" is stuck at GND File: C:/Users/annas/Documents/FPGA-mini-games/FPGA_mini_games.sv Line: 74
    Warning (13410): Pin "HEX5[2]" is stuck at GND File: C:/Users/annas/Documents/FPGA-mini-games/FPGA_mini_games.sv Line: 74
    Warning (13410): Pin "HEX5[3]" is stuck at GND File: C:/Users/annas/Documents/FPGA-mini-games/FPGA_mini_games.sv Line: 74
    Warning (13410): Pin "HEX5[4]" is stuck at GND File: C:/Users/annas/Documents/FPGA-mini-games/FPGA_mini_games.sv Line: 74
    Warning (13410): Pin "HEX5[5]" is stuck at GND File: C:/Users/annas/Documents/FPGA-mini-games/FPGA_mini_games.sv Line: 74
    Warning (13410): Pin "HEX5[6]" is stuck at GND File: C:/Users/annas/Documents/FPGA-mini-games/FPGA_mini_games.sv Line: 74
    Warning (13410): Pin "IRDA_TXD" is stuck at GND File: C:/Users/annas/Documents/FPGA-mini-games/FPGA_mini_games.sv Line: 134
    Warning (13410): Pin "LEDR[4]" is stuck at GND File: C:/Users/annas/Documents/FPGA-mini-games/FPGA_mini_games.sv Line: 140
    Warning (13410): Pin "LEDR[5]" is stuck at GND File: C:/Users/annas/Documents/FPGA-mini-games/FPGA_mini_games.sv Line: 140
    Warning (13410): Pin "LEDR[6]" is stuck at GND File: C:/Users/annas/Documents/FPGA-mini-games/FPGA_mini_games.sv Line: 140
    Warning (13410): Pin "LEDR[7]" is stuck at GND File: C:/Users/annas/Documents/FPGA-mini-games/FPGA_mini_games.sv Line: 140
    Warning (13410): Pin "LEDR[8]" is stuck at GND File: C:/Users/annas/Documents/FPGA-mini-games/FPGA_mini_games.sv Line: 140
    Warning (13410): Pin "LEDR[9]" is stuck at GND File: C:/Users/annas/Documents/FPGA-mini-games/FPGA_mini_games.sv Line: 140
    Warning (13410): Pin "TD_RESET_N" is stuck at GND File: C:/Users/annas/Documents/FPGA-mini-games/FPGA_mini_games.sv Line: 155
    Warning (13410): Pin "VGA_B[0]" is stuck at GND File: C:/Users/annas/Documents/FPGA-mini-games/FPGA_mini_games.sv Line: 159
    Warning (13410): Pin "VGA_B[1]" is stuck at GND File: C:/Users/annas/Documents/FPGA-mini-games/FPGA_mini_games.sv Line: 159
    Warning (13410): Pin "VGA_B[2]" is stuck at GND File: C:/Users/annas/Documents/FPGA-mini-games/FPGA_mini_games.sv Line: 159
    Warning (13410): Pin "VGA_B[3]" is stuck at GND File: C:/Users/annas/Documents/FPGA-mini-games/FPGA_mini_games.sv Line: 159
    Warning (13410): Pin "VGA_B[4]" is stuck at GND File: C:/Users/annas/Documents/FPGA-mini-games/FPGA_mini_games.sv Line: 159
    Warning (13410): Pin "VGA_B[5]" is stuck at GND File: C:/Users/annas/Documents/FPGA-mini-games/FPGA_mini_games.sv Line: 159
    Warning (13410): Pin "VGA_B[6]" is stuck at GND File: C:/Users/annas/Documents/FPGA-mini-games/FPGA_mini_games.sv Line: 159
    Warning (13410): Pin "VGA_B[7]" is stuck at GND File: C:/Users/annas/Documents/FPGA-mini-games/FPGA_mini_games.sv Line: 159
    Warning (13410): Pin "VGA_BLANK_N" is stuck at GND File: C:/Users/annas/Documents/FPGA-mini-games/FPGA_mini_games.sv Line: 160
    Warning (13410): Pin "VGA_CLK" is stuck at GND File: C:/Users/annas/Documents/FPGA-mini-games/FPGA_mini_games.sv Line: 161
    Warning (13410): Pin "VGA_G[0]" is stuck at GND File: C:/Users/annas/Documents/FPGA-mini-games/FPGA_mini_games.sv Line: 162
    Warning (13410): Pin "VGA_G[1]" is stuck at GND File: C:/Users/annas/Documents/FPGA-mini-games/FPGA_mini_games.sv Line: 162
    Warning (13410): Pin "VGA_G[2]" is stuck at GND File: C:/Users/annas/Documents/FPGA-mini-games/FPGA_mini_games.sv Line: 162
    Warning (13410): Pin "VGA_G[3]" is stuck at GND File: C:/Users/annas/Documents/FPGA-mini-games/FPGA_mini_games.sv Line: 162
    Warning (13410): Pin "VGA_G[4]" is stuck at GND File: C:/Users/annas/Documents/FPGA-mini-games/FPGA_mini_games.sv Line: 162
    Warning (13410): Pin "VGA_G[5]" is stuck at GND File: C:/Users/annas/Documents/FPGA-mini-games/FPGA_mini_games.sv Line: 162
    Warning (13410): Pin "VGA_G[6]" is stuck at GND File: C:/Users/annas/Documents/FPGA-mini-games/FPGA_mini_games.sv Line: 162
    Warning (13410): Pin "VGA_G[7]" is stuck at GND File: C:/Users/annas/Documents/FPGA-mini-games/FPGA_mini_games.sv Line: 162
    Warning (13410): Pin "VGA_HS" is stuck at GND File: C:/Users/annas/Documents/FPGA-mini-games/FPGA_mini_games.sv Line: 163
    Warning (13410): Pin "VGA_R[0]" is stuck at GND File: C:/Users/annas/Documents/FPGA-mini-games/FPGA_mini_games.sv Line: 164
    Warning (13410): Pin "VGA_R[1]" is stuck at GND File: C:/Users/annas/Documents/FPGA-mini-games/FPGA_mini_games.sv Line: 164
    Warning (13410): Pin "VGA_R[2]" is stuck at GND File: C:/Users/annas/Documents/FPGA-mini-games/FPGA_mini_games.sv Line: 164
    Warning (13410): Pin "VGA_R[3]" is stuck at GND File: C:/Users/annas/Documents/FPGA-mini-games/FPGA_mini_games.sv Line: 164
    Warning (13410): Pin "VGA_R[4]" is stuck at GND File: C:/Users/annas/Documents/FPGA-mini-games/FPGA_mini_games.sv Line: 164
    Warning (13410): Pin "VGA_R[5]" is stuck at GND File: C:/Users/annas/Documents/FPGA-mini-games/FPGA_mini_games.sv Line: 164
    Warning (13410): Pin "VGA_R[6]" is stuck at GND File: C:/Users/annas/Documents/FPGA-mini-games/FPGA_mini_games.sv Line: 164
    Warning (13410): Pin "VGA_R[7]" is stuck at GND File: C:/Users/annas/Documents/FPGA-mini-games/FPGA_mini_games.sv Line: 164
    Warning (13410): Pin "VGA_SYNC_N" is stuck at GND File: C:/Users/annas/Documents/FPGA-mini-games/FPGA_mini_games.sv Line: 165
    Warning (13410): Pin "VGA_VS" is stuck at GND File: C:/Users/annas/Documents/FPGA-mini-games/FPGA_mini_games.sv Line: 167
Info (286030): Timing-Driven Synthesis is running
Info (16010): Generating hard_block partition "hard_block:auto_generated_inst"
    Info (16011): Adding 0 node(s), including 0 DDIO, 0 PLL, 0 transceiver and 0 LCELL
Warning (21074): Design contains 30 input pin(s) that do not drive logic
    Warning (15610): No output dependent on input pin "ADC_DOUT" File: C:/Users/annas/Documents/FPGA-mini-games/FPGA_mini_games.sv Line: 10
    Warning (15610): No output dependent on input pin "AUD_ADCDAT" File: C:/Users/annas/Documents/FPGA-mini-games/FPGA_mini_games.sv Line: 14
    Warning (15610): No output dependent on input pin "CLOCK2_50" File: C:/Users/annas/Documents/FPGA-mini-games/FPGA_mini_games.sv Line: 22
    Warning (15610): No output dependent on input pin "CLOCK3_50" File: C:/Users/annas/Documents/FPGA-mini-games/FPGA_mini_games.sv Line: 25
    Warning (15610): No output dependent on input pin "CLOCK4_50" File: C:/Users/annas/Documents/FPGA-mini-games/FPGA_mini_games.sv Line: 28
    Warning (15610): No output dependent on input pin "IRDA_RXD" File: C:/Users/annas/Documents/FPGA-mini-games/FPGA_mini_games.sv Line: 133
    Warning (15610): No output dependent on input pin "KEY[1]" File: C:/Users/annas/Documents/FPGA-mini-games/FPGA_mini_games.sv Line: 137
    Warning (15610): No output dependent on input pin "KEY[2]" File: C:/Users/annas/Documents/FPGA-mini-games/FPGA_mini_games.sv Line: 137
    Warning (15610): No output dependent on input pin "KEY[3]" File: C:/Users/annas/Documents/FPGA-mini-games/FPGA_mini_games.sv Line: 137
    Warning (15610): No output dependent on input pin "SW[0]" File: C:/Users/annas/Documents/FPGA-mini-games/FPGA_mini_games.sv Line: 149
    Warning (15610): No output dependent on input pin "SW[1]" File: C:/Users/annas/Documents/FPGA-mini-games/FPGA_mini_games.sv Line: 149
    Warning (15610): No output dependent on input pin "SW[2]" File: C:/Users/annas/Documents/FPGA-mini-games/FPGA_mini_games.sv Line: 149
    Warning (15610): No output dependent on input pin "SW[3]" File: C:/Users/annas/Documents/FPGA-mini-games/FPGA_mini_games.sv Line: 149
    Warning (15610): No output dependent on input pin "SW[4]" File: C:/Users/annas/Documents/FPGA-mini-games/FPGA_mini_games.sv Line: 149
    Warning (15610): No output dependent on input pin "SW[5]" File: C:/Users/annas/Documents/FPGA-mini-games/FPGA_mini_games.sv Line: 149
    Warning (15610): No output dependent on input pin "SW[6]" File: C:/Users/annas/Documents/FPGA-mini-games/FPGA_mini_games.sv Line: 149
    Warning (15610): No output dependent on input pin "SW[7]" File: C:/Users/annas/Documents/FPGA-mini-games/FPGA_mini_games.sv Line: 149
    Warning (15610): No output dependent on input pin "SW[8]" File: C:/Users/annas/Documents/FPGA-mini-games/FPGA_mini_games.sv Line: 149
    Warning (15610): No output dependent on input pin "SW[9]" File: C:/Users/annas/Documents/FPGA-mini-games/FPGA_mini_games.sv Line: 149
    Warning (15610): No output dependent on input pin "TD_CLK27" File: C:/Users/annas/Documents/FPGA-mini-games/FPGA_mini_games.sv Line: 152
    Warning (15610): No output dependent on input pin "TD_DATA[0]" File: C:/Users/annas/Documents/FPGA-mini-games/FPGA_mini_games.sv Line: 153
    Warning (15610): No output dependent on input pin "TD_DATA[1]" File: C:/Users/annas/Documents/FPGA-mini-games/FPGA_mini_games.sv Line: 153
    Warning (15610): No output dependent on input pin "TD_DATA[2]" File: C:/Users/annas/Documents/FPGA-mini-games/FPGA_mini_games.sv Line: 153
    Warning (15610): No output dependent on input pin "TD_DATA[3]" File: C:/Users/annas/Documents/FPGA-mini-games/FPGA_mini_games.sv Line: 153
    Warning (15610): No output dependent on input pin "TD_DATA[4]" File: C:/Users/annas/Documents/FPGA-mini-games/FPGA_mini_games.sv Line: 153
    Warning (15610): No output dependent on input pin "TD_DATA[5]" File: C:/Users/annas/Documents/FPGA-mini-games/FPGA_mini_games.sv Line: 153
    Warning (15610): No output dependent on input pin "TD_DATA[6]" File: C:/Users/annas/Documents/FPGA-mini-games/FPGA_mini_games.sv Line: 153
    Warning (15610): No output dependent on input pin "TD_DATA[7]" File: C:/Users/annas/Documents/FPGA-mini-games/FPGA_mini_games.sv Line: 153
    Warning (15610): No output dependent on input pin "TD_HS" File: C:/Users/annas/Documents/FPGA-mini-games/FPGA_mini_games.sv Line: 154
    Warning (15610): No output dependent on input pin "TD_VS" File: C:/Users/annas/Documents/FPGA-mini-games/FPGA_mini_games.sv Line: 156
Info (21057): Implemented 288 device resources after synthesis - the final resource count might be different
    Info (21058): Implemented 32 input pins
    Info (21059): Implemented 113 output pins
    Info (21060): Implemented 96 bidirectional pins
    Info (21061): Implemented 47 logic cells
Info: Quartus Prime Analysis & Synthesis was successful. 0 errors, 273 warnings
    Info: Peak virtual memory: 4827 megabytes
    Info: Processing ended: Thu Oct 12 15:36:20 2023
    Info: Elapsed time: 00:00:15
    Info: Total CPU time (on all processors): 00:00:17


